<?xml version="1.0" encoding="UTF-8" ?>
<testsuite tests="6" failures="0" name="com.what.fronted_customer.MyReservationTest" time="0.142" errors="0" skipped="0">
  <properties>
[...]
</properties>
  <testcase classname="com.what.fronted_customer.MyReservationTest" name="testDoGet" time="0.105"/>
  <testcase classname="com.what.fronted_customer.MyReservationTest" name="testDoGet_seeReservation" time="0"/>
  <testcase classname="com.what.fronted_customer.MyReservationTest" name="testDoPost_deleteReservation_success" time="0"/>
  <testcase classname="com.what.fronted_customer.MyReservationTest" name="testDoGet_noMachedReservation" time="0.001"/>
  <testcase classname="com.what.fronted_customer.MyReservationTest" name="testDoPost_noReservationNo" time="0.001"/>
  <testcase classname="com.what.fronted_customer.MyReservationTest" name="testDoPost_deleteReservation_fail" time="0.001"/>
</testsuite>